#
# There is insufficient memory for the Java Runtime Environment to continue.
# Native memory allocation (malloc) failed to allocate 193616 bytes for Chunk::new
# Possible reasons:
#   The system is out of physical RAM or swap space
#   In 32 bit mode, the process size limit was hit
# Possible solutions:
#   Reduce memory load on the system
#   Increase physical memory or swap space
#   Check if swap backing store is full
#   Use 64 bit Java on a 64 bit OS
#   Decrease Java heap size (-Xmx/-Xms)
#   Decrease number of Java threads
#   Decrease Java thread stack sizes (-Xss)
#   Set larger code cache with -XX:ReservedCodeCacheSize=
# This output file may be truncated or incomplete.
#
#  Out of Memory Error (allocation.cpp:390), pid=1320, tid=0x00000000000019a0
#
# JRE version: Java(TM) SE Runtime Environment (8.0_144-b01) (build 1.8.0_144-b01)
# Java VM: Java HotSpot(TM) 64-Bit Server VM (25.144-b01 mixed mode windows-amd64 compressed oops)
# Failed to write core dump. Minidumps are not enabled by default on client versions of Windows
#

---------------  T H R E A D  ---------------

Current thread (0x0000000055165800):  JavaThread "C2 CompilerThread1" daemon [_thread_in_native, id=6560, stack(0x0000000056990000,0x0000000056a90000)]

Stack: [0x0000000056990000,0x0000000056a90000]
[error occurred during error reporting (printing stack bounds), id 0xc0000005]

Native frames: (J=compiled Java code, j=interpreted, Vv=VM code, C=native code)


Current CompileTask:
C2:  14593 1547       4       com.android.dx.dex.code.RopTranslator$TranslationVisitor::visitPlainInsn (161 bytes)


---------------  P R O C E S S  ---------------

Java Threads: ( => current thread )
  0x0000000056d73800 JavaThread "pool-1-thread-4" [_thread_blocked, id=8072, stack(0x0000000057880000,0x0000000057980000)]
  0x0000000056d70000 JavaThread "pool-1-thread-3" [_thread_blocked, id=5236, stack(0x00000000575f0000,0x00000000576f0000)]
  0x0000000056d6f000 JavaThread "pool-1-thread-2" [_thread_blocked, id=10088, stack(0x0000000057380000,0x0000000057480000)]
  0x0000000056d6e000 JavaThread "pool-2-thread-1" [_thread_blocked, id=8528, stack(0x00000000574c0000,0x00000000575c0000)]
  0x0000000056d6d000 JavaThread "pool-1-thread-1" [_thread_blocked, id=9464, stack(0x0000000057200000,0x0000000057300000)]
  0x0000000055169000 JavaThread "Service Thread" daemon [_thread_blocked, id=7792, stack(0x0000000056f70000,0x0000000057070000)]
  0x0000000055166800 JavaThread "C1 CompilerThread2" daemon [_thread_blocked, id=4628, stack(0x00000000567b0000,0x00000000568b0000)]
=>0x0000000055165800 JavaThread "C2 CompilerThread1" daemon [_thread_in_native, id=6560, stack(0x0000000056990000,0x0000000056a90000)]
  0x0000000055161800 JavaThread "C2 CompilerThread0" daemon [_thread_blocked, id=9752, stack(0x00000000566a0000,0x00000000567a0000)]
  0x000000005515e800 JavaThread "Attach Listener" daemon [_thread_blocked, id=3952, stack(0x0000000056490000,0x0000000056590000)]
  0x000000005516e000 JavaThread "Signal Dispatcher" daemon [_thread_blocked, id=8388, stack(0x0000000056590000,0x0000000056690000)]
  0x0000000055144000 JavaThread "Finalizer" daemon [_thread_blocked, id=8064, stack(0x00000000560d0000,0x00000000561d0000)]
  0x0000000055102800 JavaThread "Reference Handler" daemon [_thread_blocked, id=3876, stack(0x0000000056310000,0x0000000056410000)]
  0x000000000224e800 JavaThread "main" [_thread_blocked, id=9340, stack(0x0000000002510000,0x0000000002610000)]

Other Threads:
  0x00000000550fb000 VMThread [stack: 0x00000000561f0000,0x00000000562f0000] [id=9644]
  0x0000000056b27800 WatcherThread [stack: 0x00000000570c0000,0x00000000571c0000] [id=5408]

VM state:not at safepoint (normal execution)

VM Mutex/Monitor currently owned by a thread: None

Heap:
 PSYoungGen      total 38400K, used 34990K [0x00000000eab00000, 0x00000000ef600000, 0x0000000100000000)
  eden space 33280K, 89% used [0x00000000eab00000,0x00000000ec82f4e8,0x00000000ecb80000)
  from space 5120K, 99% used [0x00000000ecb80000,0x00000000ed07c318,0x00000000ed080000)
  to   space 5120K, 0% used [0x00000000ef100000,0x00000000ef100000,0x00000000ef600000)
 ParOldGen       total 87552K, used 1363K [0x00000000c0000000, 0x00000000c5580000, 0x00000000eab00000)
  object space 87552K, 1% used [0x00000000c0000000,0x00000000c0154e38,0x00000000c5580000)
 Metaspace       used 6177K, capacity 7090K, committed 7296K, reserved 1056768K
  class space    used 604K, capacity 618K, committed 640K, reserved 1048576K

Card table byte_map: [0x0000000011ca0000,0x0000000011eb0000] byte_map_base: 0x00000000116a0000

Marking Bits: (ParMarkBitMap*) 0x0000000065cbd850
 Begin Bits: [0x0000000012570000, 0x0000000013570000)
 End Bits:   [0x0000000013570000, 0x0000000014570000)

Polling page: 0x0000000000240000

CodeCache: size=245760Kb used=7052Kb max_used=7068Kb free=238707Kb
 bounds [0x00000000028e0000, 0x0000000002fd0000, 0x00000000118e0000]
 total_blobs=1801 nmethods=1537 adapters=176
 compilation: disabled (not enough contiguous free space left)

Compilation events (10 events):
Event: 10.876 Thread 0x0000000055166800 1544       3       java.util.concurrent.locks.ReentrantLock$FairSync::tryAcquire (74 bytes)
Event: 10.877 Thread 0x0000000055166800 nmethod 1544 0x0000000002f6b6d0 code [0x0000000002f6b880, 0x0000000002f6c0b8]
Event: 10.877 Thread 0x0000000055166800 1545       3       java.util.concurrent.locks.AbstractQueuedSynchronizer::hasQueuedPredecessors (40 bytes)
Event: 10.877 Thread 0x0000000055166800 nmethod 1545 0x0000000002f8c0d0 code [0x0000000002f8c240, 0x0000000002f8c490]
Event: 10.898 Thread 0x0000000055161800 1546       4       com.android.dx.dex.code.RopTranslator$LocalVariableAwareTranslationVisitor::visitPlainInsn (11 bytes)
Event: 10.927 Thread 0x0000000055165800 nmethod 1516 0x0000000002fb6810 code [0x0000000002fb7200, 0x0000000002fbce78]
Event: 10.941 Thread 0x0000000055165800 1547       4       com.android.dx.dex.code.RopTranslator$TranslationVisitor::visitPlainInsn (161 bytes)
Event: 11.042 Thread 0x0000000055166800 1548       3       com.android.dx.cf.attrib.RawAttribute::byteLength (11 bytes)
Event: 12.041 Thread 0x0000000055166800 nmethod 1548 0x0000000002f8bcd0 code [0x0000000002f8be20, 0x0000000002f8c010]
Event: 12.108 Thread 0x0000000055166800 1551       2       com.android.dx.rop.code.RegisterSpecSet::mutableCopy (57 bytes)

GC Heap History (2 events):
Event: 6.039 GC heap before
{Heap before GC invocations=1 (full 0):
 PSYoungGen      total 38400K, used 33280K [0x00000000eab00000, 0x00000000ed580000, 0x0000000100000000)
  eden space 33280K, 100% used [0x00000000eab00000,0x00000000ecb80000,0x00000000ecb80000)
  from space 5120K, 0% used [0x00000000ed080000,0x00000000ed080000,0x00000000ed580000)
  to   space 5120K, 0% used [0x00000000ecb80000,0x00000000ecb80000,0x00000000ed080000)
 ParOldGen       total 87552K, used 0K [0x00000000c0000000, 0x00000000c5580000, 0x00000000eab00000)
  object space 87552K, 0% used [0x00000000c0000000,0x00000000c0000000,0x00000000c5580000)
 Metaspace       used 6063K, capacity 6962K, committed 7040K, reserved 1056768K
  class space    used 604K, capacity 618K, committed 640K, reserved 1048576K
Event: 6.498 GC heap after
Heap after GC invocations=1 (full 0):
 PSYoungGen      total 38400K, used 5104K [0x00000000eab00000, 0x00000000ef600000, 0x0000000100000000)
  eden space 33280K, 0% used [0x00000000eab00000,0x00000000eab00000,0x00000000ecb80000)
  from space 5120K, 99% used [0x00000000ecb80000,0x00000000ed07c318,0x00000000ed080000)
  to   space 5120K, 0% used [0x00000000ef100000,0x00000000ef100000,0x00000000ef600000)
 ParOldGen       total 87552K, used 1363K [0x00000000c0000000, 0x00000000c5580000, 0x00000000eab00000)
  object space 87552K, 1% used [0x00000000c0000000,0x00000000c0154e38,0x00000000c5580000)
 Metaspace       used 6063K, capacity 6962K, committed 7040K, reserved 1056768K
  class space    used 604K, capacity 618K, committed 640K, reserved 1048576K
}

Deoptimization events (10 events):
Event: 3.898 Thread 0x0000000056d6d000 Uncommon trap: reason=bimorphic action=maybe_recompile pc=0x0000000002d613a4 method=com.android.dx.cf.code.BytecodeArray.parseInstruction(ILcom/android/dx/cf/code/BytecodeArray$Visitor;)I @ 2281
Event: 3.899 Thread 0x0000000056d6d000 Uncommon trap: reason=bimorphic action=maybe_recompile pc=0x0000000002d613a4 method=com.android.dx.cf.code.BytecodeArray.parseInstruction(ILcom/android/dx/cf/code/BytecodeArray$Visitor;)I @ 2281
Event: 3.928 Thread 0x0000000056d6d000 Uncommon trap: reason=uninitialized action=reinterpret pc=0x0000000002d62028 method=com.android.dx.cf.code.BytecodeArray.parseInstruction(ILcom/android/dx/cf/code/BytecodeArray$Visitor;)I @ 1079
Event: 4.658 Thread 0x0000000056d70000 Uncommon trap: reason=unstable_if action=reinterpret pc=0x0000000002ca3404 method=com.android.dx.ssa.SsaRenamer$BlockRenamer.addMapping(ILcom/android/dx/rop/code/RegisterSpec;)V @ 120
Event: 10.646 Thread 0x0000000056d6f000 Uncommon trap: reason=unstable_if action=reinterpret pc=0x0000000002eb6c94 method=com.android.dx.ssa.SCCP.simulateBranch(Lcom/android/dx/ssa/SsaInsn;)V @ 64
Event: 10.659 Thread 0x0000000056d6f000 Uncommon trap: reason=uninitialized action=reinterpret pc=0x0000000002f41378 method=com.android.dx.cf.code.BytecodeArray.parseInstruction(ILcom/android/dx/cf/code/BytecodeArray$Visitor;)I @ 1031
Event: 12.049 Thread 0x000000000224e800 Uncommon trap: reason=unstable_if action=reinterpret pc=0x0000000002ead454 method=com.android.dx.rop.code.RegisterSpecSet.put(Lcom/android/dx/rop/code/RegisterSpec;)V @ 77
Event: 12.049 Thread 0x000000000224e800 Uncommon trap: reason=unstable_if action=reinterpret pc=0x0000000002c3ae88 method=com.android.dx.rop.code.RegisterSpecSet.put(Lcom/android/dx/rop/code/RegisterSpec;)V @ 77
Event: 12.049 Thread 0x000000000224e800 Uncommon trap: reason=unstable_if action=reinterpret pc=0x0000000002b79a1c method=com.android.dx.rop.code.RegisterSpecSet.put(Lcom/android/dx/rop/code/RegisterSpec;)V @ 77
Event: 12.052 Thread 0x000000000224e800 Uncommon trap: reason=unstable_if action=reinterpret pc=0x0000000002f63228 method=com.android.dx.rop.code.RegisterSpecSet.put(Lcom/android/dx/rop/code/RegisterSpec;)V @ 77

Internal exceptions (3 events):
Event: 0.100 Thread 0x000000000224e800 Exception <a 'java/lang/NoSuchMethodError': Method sun.misc.Unsafe.defineClass(Ljava/lang/String;[BII)Ljava/lang/Class; name or signature does not match> (0x00000000eab07ca8) thrown at [C:\re\workspace\8-2-build-windows-amd64-cygwin\jdk8u144\9417\hotspot\
Event: 0.100 Thread 0x000000000224e800 Exception <a 'java/lang/NoSuchMethodError': Method sun.misc.Unsafe.prefetchRead(Ljava/lang/Object;J)V name or signature does not match> (0x00000000eab07f90) thrown at [C:\re\workspace\8-2-build-windows-amd64-cygwin\jdk8u144\9417\hotspot\src\share\vm\prims
Event: 3.340 Thread 0x000000000224e800 Implicit null exception at 0x0000000002b9f1a5 to 0x0000000002ba0929

Events (10 events):
Event: 12.049 Thread 0x000000000224e800 DEOPT UNPACKING pc=0x000000000292582a sp=0x000000000260e7b0 mode 2
Event: 12.049 Thread 0x000000000224e800 Uncommon trap: trap_request=0xffffff65 fr.pc=0x0000000002c3ae88
Event: 12.049 Thread 0x000000000224e800 DEOPT PACKING pc=0x0000000002c3ae88 sp=0x000000000260e770
Event: 12.049 Thread 0x000000000224e800 DEOPT UNPACKING pc=0x000000000292582a sp=0x000000000260e690 mode 2
Event: 12.049 Thread 0x000000000224e800 Uncommon trap: trap_request=0xffffff65 fr.pc=0x0000000002b79a1c
Event: 12.049 Thread 0x000000000224e800 DEOPT PACKING pc=0x0000000002b79a1c sp=0x000000000260e6f0
Event: 12.049 Thread 0x000000000224e800 DEOPT UNPACKING pc=0x000000000292582a sp=0x000000000260e688 mode 2
Event: 12.052 Thread 0x000000000224e800 Uncommon trap: trap_request=0xffffff65 fr.pc=0x0000000002f63228
Event: 12.052 Thread 0x000000000224e800 DEOPT PACKING pc=0x0000000002f63228 sp=0x000000000260ea10
Event: 12.052 Thread 0x000000000224e800 DEOPT UNPACKING pc=0x000000000292582a sp=0x000000000260e920 mode 2


Dynamic libraries:
0x000000013f8d0000 - 0x000000013f907000 	C:\Program Files\Java\jdk1.8.0_144\bin\java.exe
0x0000000077790000 - 0x0000000077939000 	C:\Windows\SYSTEM32\ntdll.dll
0x0000000077670000 - 0x000000007778f000 	C:\Windows\system32\kernel32.dll
0x000007fefda20000 - 0x000007fefda8b000 	C:\Windows\system32\KERNELBASE.dll
0x000007fefec10000 - 0x000007fefeceb000 	C:\Windows\system32\ADVAPI32.dll
0x000007fefe3c0000 - 0x000007fefe45f000 	C:\Windows\system32\msvcrt.dll
0x000007feffa80000 - 0x000007feffa9f000 	C:\Windows\SYSTEM32\sechost.dll
0x000007fefe290000 - 0x000007fefe3bd000 	C:\Windows\system32\RPCRT4.dll
0x0000000077570000 - 0x000000007766a000 	C:\Windows\system32\USER32.dll
0x000007fefdc40000 - 0x000007fefdca7000 	C:\Windows\system32\GDI32.dll
0x000007fefe070000 - 0x000007fefe07e000 	C:\Windows\system32\LPK.dll
0x000007fefdab0000 - 0x000007fefdb79000 	C:\Windows\system32\USP10.dll
0x000007fefc0c0000 - 0x000007fefc2b4000 	C:\Windows\WinSxS\amd64_microsoft.windows.common-controls_6595b64144ccf1df_6.0.7601.17514_none_fa396087175ac9ac\COMCTL32.dll
0x000007fefde60000 - 0x000007fefded1000 	C:\Windows\system32\SHLWAPI.dll
0x000007fefdcb0000 - 0x000007fefdcde000 	C:\Windows\system32\IMM32.DLL
0x000007fefe930000 - 0x000007fefea39000 	C:\Windows\system32\MSCTF.dll
0x000000006c6c0000 - 0x000000006c792000 	C:\Program Files\Java\jdk1.8.0_144\jre\bin\msvcr100.dll
0x00000000654a0000 - 0x0000000065d3d000 	C:\Program Files\Java\jdk1.8.0_144\jre\bin\server\jvm.dll
0x000007fef6b60000 - 0x000007fef6b69000 	C:\Windows\system32\WSOCK32.dll
0x000007fefe020000 - 0x000007fefe06d000 	C:\Windows\system32\WS2_32.dll
0x000007fefe460000 - 0x000007fefe468000 	C:\Windows\system32\NSI.dll
0x000007fefbd20000 - 0x000007fefbd5b000 	C:\Windows\system32\WINMM.dll
0x000007fefc880000 - 0x000007fefc88c000 	C:\Windows\system32\VERSION.dll
0x0000000077950000 - 0x0000000077957000 	C:\Windows\system32\PSAPI.DLL
0x0000000070d90000 - 0x0000000070d9f000 	C:\Program Files\Java\jdk1.8.0_144\jre\bin\verify.dll
0x000000006e8f0000 - 0x000000006e919000 	C:\Program Files\Java\jdk1.8.0_144\jre\bin\java.dll
0x000000006e8d0000 - 0x000000006e8e6000 	C:\Program Files\Java\jdk1.8.0_144\jre\bin\zip.dll
0x000007fefecf0000 - 0x000007feffa78000 	C:\Windows\system32\SHELL32.dll
0x000007fefe080000 - 0x000007fefe283000 	C:\Windows\system32\ole32.dll
0x000007fefd6e0000 - 0x000007fefd6ef000 	C:\Windows\system32\profapi.dll

VM Arguments:
jvm_args: -Djava.awt.headless=true -Xmx1024M -Dfile.encoding=windows-1252 -Duser.country=US -Duser.language=en -Duser.variant 
java_command: com.android.dx.command.Main --dex --num-threads=4 --output C:\Users\6420\Desktop\React Navigation FB\ReactNavi\android\app\build\intermediates\pre-dexed\debug\com.facebook.fresco-imagepipeline-1.3.0_df2e3082c43cd9f0f2abe231653ef819ccf07ca7.jar C:\Users\6420\Desktop\React Navigation FB\ReactNavi\android\app\build\intermediates\exploded-aar\com.facebook.fresco\imagepipeline\1.3.0\jars\classes.jar
java_class_path (initial): C:\Users\6420\AppData\Local\Android\sdk\build-tools\23.0.1\lib\dx.jar
Launcher Type: SUN_STANDARD

Environment Variables:
JAVA_HOME=C:\Program Files\Java\jdk1.8.0_144
CLASSPATH=C:\Users\6420\Desktop\React Navigation FB\ReactNavi\android\\gradle\wrapper\gradle-wrapper.jar
PATH=C:\Ruby24-x64\bin;C:\Python27\;C:\Python27\Scripts;C:\ProgramData\Oracle\Java\javapath;C:\Program Files\Common Files\Microsoft Shared\Windows Live;C:\Program Files (x86)\Common Files\Microsoft Shared\Windows Live;C:\Windows\system32;C:\Windows;C:\Windows\System32\Wbem;C:\Windows\System32\WindowsPowerShell\v1.0\;C:\Program Files\Intel\WiFi\bin\;C:\Program Files\Common Files\Intel\WirelessCommon\;C:\Program Files (x86)\Bitvise SSH Client;C:\Program Files\Microsoft\Web Platform Installer\;C:\Program Files (x86)\Microsoft ASP.NET\ASP.NET Web Pages\v1.0\;C:\Program Files\Microsoft SQL Server\110\Tools\Binn\;C:\Program Files (x86)\Windows Live\Shared;C:\xampp\php;C:\ProgramData\chocolatey\bin;C:\Program Files\nodejs\;C:\Program Files\Java\jdk1.8.0_131\bin;C:\Program Files (x86)\Yarn\bin;C:\Program Files\EmEditor;C:\ProgramData\ComposerSetup\bin;C:\Program Files\Git\cmd;C:\Program Files\Intel\WiFi\bin\;C:\Program Files\Common Files\Intel\WirelessCommon\;C:\Users\6420\AppData\Roaming\npm;C:\Program Files (x86)\Microsoft VS Code\bin;C:\Users\6420\AppData\Local\Yarn\bin;C:\Users\6420\AppData\Local\atom\bin;C:\Users\6420\AppData\Roaming\Composer\vendor\bin
USERNAME=6420
OS=Windows_NT
PROCESSOR_IDENTIFIER=Intel64 Family 6 Model 42 Stepping 7, GenuineIntel



---------------  S Y S T E M  ---------------

OS: Windows 7 , 64 bit Build 7601 (6.1.7601.17514)

CPU:total 4 (initial active 4) (2 cores per cpu, 2 threads per core) family 6 model 42 stepping 7, cmov, cx8, fxsr, mmx, sse, sse2, sse3, ssse3, sse4.1, sse4.2, popcnt, avx, aes, clmul, ht, tsc, tscinvbit

Memory: 4k page, physical 8344472k(161164k free), swap 11757604k(31628k free)

vm_info: Java HotSpot(TM) 64-Bit Server VM (25.144-b01) for windows-amd64 JRE (1.8.0_144-b01), built on Jul 21 2017 21:57:33 by "java_re" with MS VC++ 10.0 (VS2010)

time: Thu Sep 14 21:59:36 2017
elapsed time: 14 seconds (0d 0h 0m 14s)

