#
# There is insufficient memory for the Java Runtime Environment to continue.
# Native memory allocation (malloc) failed to allocate 1203696 bytes for Chunk::new
# Possible reasons:
#   The system is out of physical RAM or swap space
#   In 32 bit mode, the process size limit was hit
# Possible solutions:
#   Reduce memory load on the system
#   Increase physical memory or swap space
#   Check if swap backing store is full
#   Use 64 bit Java on a 64 bit OS
#   Decrease Java heap size (-Xmx/-Xms)
#   Decrease number of Java threads
#   Decrease Java thread stack sizes (-Xss)
#   Set larger code cache with -XX:ReservedCodeCacheSize=
# This output file may be truncated or incomplete.
#
#  Out of Memory Error (allocation.cpp:390), pid=5152, tid=0x0000000000000e78
#
# JRE version: Java(TM) SE Runtime Environment (8.0_144-b01) (build 1.8.0_144-b01)
# Java VM: Java HotSpot(TM) 64-Bit Server VM (25.144-b01 mixed mode windows-amd64 compressed oops)
# Failed to write core dump. Minidumps are not enabled by default on client versions of Windows
#

---------------  T H R E A D  ---------------

Current thread (0x0000000055177000):  JavaThread "C2 CompilerThread1" daemon [_thread_in_native, id=3704, stack(0x0000000056bf0000,0x0000000056cf0000)]

Stack: [0x0000000056bf0000,0x0000000056cf0000]
[error occurred during error reporting (printing stack bounds), id 0xc0000005]

Native frames: (J=compiled Java code, j=interpreted, Vv=VM code, C=native code)


Current CompileTask:
C2:  29576 1948   !   4       com.android.dx.cf.code.RopperMachine::run (1550 bytes)


---------------  P R O C E S S  ---------------

Java Threads: ( => current thread )
  0x0000000056fd0800 JavaThread "pool-1-thread-4" [_thread_blocked, id=8412, stack(0x0000000057e30000,0x0000000057f30000)]
  0x0000000056fcd800 JavaThread "pool-1-thread-3" [_thread_blocked, id=2344, stack(0x0000000057c60000,0x0000000057d60000)]
  0x0000000056fcd000 JavaThread "pool-1-thread-2" [_thread_blocked, id=9096, stack(0x0000000057a20000,0x0000000057b20000)]
  0x0000000056fcb000 JavaThread "pool-2-thread-1" [_thread_blocked, id=9336, stack(0x0000000057800000,0x0000000057900000)]
  0x0000000056fc9800 JavaThread "pool-1-thread-1" [_thread_blocked, id=2880, stack(0x0000000057640000,0x0000000057740000)]
  0x0000000056d25800 JavaThread "Service Thread" daemon [_thread_blocked, id=484, stack(0x0000000057400000,0x0000000057500000)]
  0x0000000056cf0800 JavaThread "C1 CompilerThread2" daemon [_thread_blocked, id=7284, stack(0x00000000571a0000,0x00000000572a0000)]
=>0x0000000055177000 JavaThread "C2 CompilerThread1" daemon [_thread_in_native, id=3704, stack(0x0000000056bf0000,0x0000000056cf0000)]
  0x0000000055173000 JavaThread "C2 CompilerThread0" daemon [_thread_in_native, id=2340, stack(0x0000000056a30000,0x0000000056b30000)]
  0x000000005516f800 JavaThread "Attach Listener" daemon [_thread_blocked, id=10144, stack(0x0000000056820000,0x0000000056920000)]
  0x000000005517c800 JavaThread "Signal Dispatcher" daemon [_thread_blocked, id=4284, stack(0x0000000056170000,0x0000000056270000)]
  0x0000000055154000 JavaThread "Finalizer" daemon [_thread_blocked, id=8104, stack(0x0000000056680000,0x0000000056780000)]
  0x0000000055112800 JavaThread "Reference Handler" daemon [_thread_blocked, id=7800, stack(0x00000000564d0000,0x00000000565d0000)]
  0x000000000223e800 JavaThread "main" [_thread_blocked, id=3316, stack(0x00000000024f0000,0x00000000025f0000)]

Other Threads:
  0x000000005510b000 VMThread [stack: 0x0000000056350000,0x0000000056450000] [id=5160]
  0x0000000056d88800 WatcherThread [stack: 0x00000000572b0000,0x00000000573b0000] [id=6132]

VM state:not at safepoint (normal execution)

VM Mutex/Monitor currently owned by a thread: None

Heap:
 PSYoungGen      total 138240K, used 119996K [0x00000000eab00000, 0x00000000f3700000, 0x0000000100000000)
  eden space 133120K, 86% used [0x00000000eab00000,0x00000000f1b31628,0x00000000f2d00000)
  from space 5120K, 99% used [0x00000000f3200000,0x00000000f36fda98,0x00000000f3700000)
  to   space 5120K, 0% used [0x00000000f2d00000,0x00000000f2d00000,0x00000000f3200000)
 ParOldGen       total 87552K, used 26478K [0x00000000c0000000, 0x00000000c5580000, 0x00000000eab00000)
  object space 87552K, 30% used [0x00000000c0000000,0x00000000c19dbb48,0x00000000c5580000)
 Metaspace       used 6565K, capacity 7256K, committed 7424K, reserved 1056768K
  class space    used 639K, capacity 656K, committed 768K, reserved 1048576K

Card table byte_map: [0x0000000011c80000,0x0000000011e90000] byte_map_base: 0x0000000011680000

Marking Bits: (ParMarkBitMap*) 0x0000000065cbd850
 Begin Bits: [0x0000000012580000, 0x0000000013580000)
 End Bits:   [0x0000000013580000, 0x0000000014580000)

Polling page: 0x0000000000230000

CodeCache: size=245760Kb used=7844Kb max_used=9816Kb free=237915Kb
 bounds [0x00000000028c0000, 0x0000000003260000, 0x00000000118c0000]
 total_blobs=1933 nmethods=1663 adapters=182
 compilation: enabled

Compilation events (10 events):
Event: 27.106 Thread 0x0000000056cf0800 2004   !   2       java.util.concurrent.locks.AbstractQueuedSynchronizer::fullyRelease (54 bytes)
Event: 27.107 Thread 0x0000000056cf0800 nmethod 2004 0x0000000002a79450 code [0x0000000002a795e0, 0x0000000002a798e8]
Event: 27.107 Thread 0x0000000056cf0800 2005       2       java.util.concurrent.locks.AbstractQueuedSynchronizer::transferForSignal (45 bytes)
Event: 27.108 Thread 0x0000000056cf0800 nmethod 2005 0x0000000002a29750 code [0x0000000002a298c0, 0x0000000002a29b18]
Event: 27.112 Thread 0x0000000056cf0800 2006       1       com.android.dx.ssa.PhiInsn::isPhiOrMove (2 bytes)
Event: 27.113 Thread 0x0000000056cf0800 nmethod 2006 0x0000000002b8b190 code [0x0000000002b8b2e0, 0x0000000002b8b3f0]
Event: 27.117 Thread 0x0000000056cf0800 2007       2       com.android.dx.ssa.back.IdenticalBlockCombiner::replaceSucc (83 bytes)
Event: 27.119 Thread 0x0000000056cf0800 nmethod 2007 0x00000000029f93d0 code [0x00000000029f9580, 0x00000000029f98d8]
Event: 27.119 Thread 0x0000000056cf0800 2008       2       com.android.dx.ssa.back.FirstFitLocalCombiningAllocator$1::processInsn (169 bytes)
Event: 27.122 Thread 0x0000000056cf0800 nmethod 2008 0x0000000002a933d0 code [0x0000000002a93640, 0x0000000002a940c8]

GC Heap History (6 events):
Event: 6.324 GC heap before
{Heap before GC invocations=1 (full 0):
 PSYoungGen      total 38400K, used 33280K [0x00000000eab00000, 0x00000000ed580000, 0x0000000100000000)
  eden space 33280K, 100% used [0x00000000eab00000,0x00000000ecb80000,0x00000000ecb80000)
  from space 5120K, 0% used [0x00000000ed080000,0x00000000ed080000,0x00000000ed580000)
  to   space 5120K, 0% used [0x00000000ecb80000,0x00000000ecb80000,0x00000000ed080000)
 ParOldGen       total 87552K, used 0K [0x00000000c0000000, 0x00000000c5580000, 0x00000000eab00000)
  object space 87552K, 0% used [0x00000000c0000000,0x00000000c0000000,0x00000000c5580000)
 Metaspace       used 6145K, capacity 7000K, committed 7168K, reserved 1056768K
  class space    used 618K, capacity 656K, committed 768K, reserved 1048576K
Event: 7.080 GC heap after
Heap after GC invocations=1 (full 0):
 PSYoungGen      total 38400K, used 5119K [0x00000000eab00000, 0x00000000ef600000, 0x0000000100000000)
  eden space 33280K, 0% used [0x00000000eab00000,0x00000000eab00000,0x00000000ecb80000)
  from space 5120K, 99% used [0x00000000ecb80000,0x00000000ed07fcb8,0x00000000ed080000)
  to   space 5120K, 0% used [0x00000000ef100000,0x00000000ef100000,0x00000000ef600000)
 ParOldGen       total 87552K, used 1382K [0x00000000c0000000, 0x00000000c5580000, 0x00000000eab00000)
  object space 87552K, 1% used [0x00000000c0000000,0x00000000c0159958,0x00000000c5580000)
 Metaspace       used 6145K, capacity 7000K, committed 7168K, reserved 1056768K
  class space    used 618K, capacity 656K, committed 768K, reserved 1048576K
}
Event: 11.681 GC heap before
{Heap before GC invocations=2 (full 0):
 PSYoungGen      total 38400K, used 38399K [0x00000000eab00000, 0x00000000ef600000, 0x0000000100000000)
  eden space 33280K, 100% used [0x00000000eab00000,0x00000000ecb80000,0x00000000ecb80000)
  from space 5120K, 99% used [0x00000000ecb80000,0x00000000ed07fcb8,0x00000000ed080000)
  to   space 5120K, 0% used [0x00000000ef100000,0x00000000ef100000,0x00000000ef600000)
 ParOldGen       total 87552K, used 1382K [0x00000000c0000000, 0x00000000c5580000, 0x00000000eab00000)
  object space 87552K, 1% used [0x00000000c0000000,0x00000000c0159958,0x00000000c5580000)
 Metaspace       used 6281K, capacity 7128K, committed 7424K, reserved 1056768K
  class space    used 619K, capacity 656K, committed 768K, reserved 1048576K
Event: 12.373 GC heap after
Heap after GC invocations=2 (full 0):
 PSYoungGen      total 71680K, used 5101K [0x00000000eab00000, 0x00000000ef600000, 0x0000000100000000)
  eden space 66560K, 0% used [0x00000000eab00000,0x00000000eab00000,0x00000000eec00000)
  from space 5120K, 99% used [0x00000000ef100000,0x00000000ef5fb450,0x00000000ef600000)
  to   space 5120K, 0% used [0x00000000eec00000,0x00000000eec00000,0x00000000ef100000)
 ParOldGen       total 87552K, used 5307K [0x00000000c0000000, 0x00000000c5580000, 0x00000000eab00000)
  object space 87552K, 6% used [0x00000000c0000000,0x00000000c052ee40,0x00000000c5580000)
 Metaspace       used 6281K, capacity 7128K, committed 7424K, reserved 1056768K
  class space    used 619K, capacity 656K, committed 768K, reserved 1048576K
}
Event: 21.303 GC heap before
{Heap before GC invocations=3 (full 0):
 PSYoungGen      total 71680K, used 71661K [0x00000000eab00000, 0x00000000ef600000, 0x0000000100000000)
  eden space 66560K, 100% used [0x00000000eab00000,0x00000000eec00000,0x00000000eec00000)
  from space 5120K, 99% used [0x00000000ef100000,0x00000000ef5fb450,0x00000000ef600000)
  to   space 5120K, 0% used [0x00000000eec00000,0x00000000eec00000,0x00000000ef100000)
 ParOldGen       total 87552K, used 5307K [0x00000000c0000000, 0x00000000c5580000, 0x00000000eab00000)
  object space 87552K, 6% used [0x00000000c0000000,0x00000000c052ee40,0x00000000c5580000)
 Metaspace       used 6474K, capacity 7192K, committed 7424K, reserved 1056768K
  class space    used 639K, capacity 656K, committed 768K, reserved 1048576K
Event: 21.484 GC heap after
Heap after GC invocations=3 (full 0):
 PSYoungGen      total 71680K, used 5106K [0x00000000eab00000, 0x00000000f3700000, 0x0000000100000000)
  eden space 66560K, 0% used [0x00000000eab00000,0x00000000eab00000,0x00000000eec00000)
  from space 5120K, 99% used [0x00000000eec00000,0x00000000ef0fc838,0x00000000ef100000)
  to   space 5120K, 0% used [0x00000000f3200000,0x00000000f3200000,0x00000000f3700000)
 ParOldGen       total 87552K, used 14946K [0x00000000c0000000, 0x00000000c5580000, 0x00000000eab00000)
  object space 87552K, 17% used [0x00000000c0000000,0x00000000c0e98878,0x00000000c5580000)
 Metaspace       used 6474K, capacity 7192K, committed 7424K, reserved 1056768K
  class space    used 639K, capacity 656K, committed 768K, reserved 1048576K
}

Deoptimization events (10 events):
Event: 20.446 Thread 0x0000000056fc9800 Uncommon trap: reason=unstable_if action=reinterpret pc=0x0000000002f47ac4 method=com.android.dx.ssa.SsaMethod.blockIndexToRopLabel(I)I @ 1
Event: 20.467 Thread 0x0000000056fc9800 Uncommon trap: reason=unstable_if action=reinterpret pc=0x0000000002df1db0 method=com.android.dx.ssa.MoveParamCombiner$1.visitNonMoveInsn(Lcom/android/dx/ssa/NormalSsaInsn;)V @ 27
Event: 20.790 Thread 0x0000000056fc9800 Uncommon trap: reason=class_check action=maybe_recompile pc=0x00000000031d071c method=com.android.dx.cf.code.BytecodeArray.parseInstruction(ILcom/android/dx/cf/code/BytecodeArray$Visitor;)I @ 2062
Event: 20.791 Thread 0x0000000056fc9800 Uncommon trap: reason=class_check action=maybe_recompile pc=0x00000000031d071c method=com.android.dx.cf.code.BytecodeArray.parseInstruction(ILcom/android/dx/cf/code/BytecodeArray$Visitor;)I @ 2062
Event: 20.791 Thread 0x0000000056fc9800 Uncommon trap: reason=class_check action=maybe_recompile pc=0x00000000031d071c method=com.android.dx.cf.code.BytecodeArray.parseInstruction(ILcom/android/dx/cf/code/BytecodeArray$Visitor;)I @ 2062
Event: 21.258 Thread 0x0000000056fc9800 Uncommon trap: reason=unstable_if action=reinterpret pc=0x0000000002e8bae4 method=com.android.dx.ssa.SCCP.simulateBranch(Lcom/android/dx/ssa/SsaInsn;)V @ 64
Event: 21.260 Thread 0x0000000056fc9800 Uncommon trap: reason=class_check action=maybe_recompile pc=0x00000000031d071c method=com.android.dx.cf.code.BytecodeArray.parseInstruction(ILcom/android/dx/cf/code/BytecodeArray$Visitor;)I @ 2062
Event: 25.845 Thread 0x0000000056fc9800 Uncommon trap: reason=unstable_if action=reinterpret pc=0x0000000003001d80 method=com.android.dx.rop.code.RegisterSpecSet.localItemToSpec(Lcom/android/dx/rop/code/LocalItem;)Lcom/android/dx/rop/code/RegisterSpec; @ 35
Event: 25.860 Thread 0x0000000056fd0800 Uncommon trap: reason=unstable_if action=reinterpret pc=0x0000000002ea40a4 method=com.android.dx.rop.code.LocalItem.compareHandlesNulls(Lcom/android/dx/rop/cst/CstString;Lcom/android/dx/rop/cst/CstString;)I @ 14
Event: 27.119 Thread 0x0000000056fcd000 Uncommon trap: reason=unstable_if action=reinterpret pc=0x0000000002eabfbc method=com.android.dx.rop.code.LocalItem.compareHandlesNulls(Lcom/android/dx/rop/cst/CstString;Lcom/android/dx/rop/cst/CstString;)I @ 14

Internal exceptions (8 events):
Event: 1.780 Thread 0x000000000223e800 Exception <a 'java/lang/NoSuchMethodError': Method sun.misc.Unsafe.defineClass(Ljava/lang/String;[BII)Ljava/lang/Class; name or signature does not match> (0x00000000eab07ca8) thrown at [C:\re\workspace\8-2-build-windows-amd64-cygwin\jdk8u144\9417\hotspot\
Event: 1.781 Thread 0x000000000223e800 Exception <a 'java/lang/NoSuchMethodError': Method sun.misc.Unsafe.prefetchRead(Ljava/lang/Object;J)V name or signature does not match> (0x00000000eab07f90) thrown at [C:\re\workspace\8-2-build-windows-amd64-cygwin\jdk8u144\9417\hotspot\src\share\vm\prims
Event: 14.015 Thread 0x0000000056fc9800 Exception <a 'java/lang/ArrayIndexOutOfBoundsException': 18> (0x00000000eb1a4160) thrown at [C:\re\workspace\8-2-build-windows-amd64-cygwin\jdk8u144\9417\hotspot\src\share\vm\interpreter\interpreterRuntime.cpp, line 366]
Event: 14.829 Thread 0x0000000056fd0800 Exception <a 'java/lang/ArrayIndexOutOfBoundsException': 145> (0x00000000eb83bbd8) thrown at [C:\re\workspace\8-2-build-windows-amd64-cygwin\jdk8u144\9417\hotspot\src\share\vm\interpreter\interpreterRuntime.cpp, line 366]
Event: 14.831 Thread 0x0000000056fd0800 Exception <a 'java/lang/ArrayIndexOutOfBoundsException'> (0x00000000eb83cec0) thrown at [C:\re\workspace\8-2-build-windows-amd64-cygwin\jdk8u144\9417\hotspot\src\share\vm\runtime\sharedRuntime.cpp, line 605]
Event: 15.001 Thread 0x0000000056fd0800 Implicit null exception at 0x0000000002f08478 to 0x0000000002f0ad5d
Event: 25.860 Thread 0x0000000056fd0800 Implicit null exception at 0x0000000002ea300a to 0x0000000002ea4069
Event: 27.119 Thread 0x0000000056fcd000 Implicit null exception at 0x0000000002eaa513 to 0x0000000002eabf8d

Events (10 events):
Event: 27.119 Thread 0x0000000056cf0800 flushing nmethod 0x0000000002eec950
Event: 27.119 Thread 0x0000000056cf0800 flushing nmethod 0x0000000002f07250
Event: 27.119 Thread 0x0000000056cf0800 flushing nmethod 0x0000000002f1b650
Event: 27.119 Thread 0x0000000056cf0800 flushing nmethod 0x0000000002f3df90
Event: 27.122 Thread 0x0000000056cf0800 flushing nmethod 0x0000000002f4f8d0
Event: 27.122 Thread 0x0000000056cf0800 flushing nmethod 0x0000000002f768d0
Event: 27.122 Thread 0x0000000056cf0800 flushing nmethod 0x0000000002f7d150
Event: 27.143 Thread 0x0000000056fd0800 DEOPT PACKING pc=0x0000000002d3b13d sp=0x0000000057f2e770
Event: 27.145 Thread 0x0000000056fc9800 DEOPT PACKING pc=0x0000000002d22a8a sp=0x000000005773ea30
Event: 27.156 Executing VM operation: ParallelGCFailedAllocation


Dynamic libraries:
0x000000013f8d0000 - 0x000000013f907000 	C:\Program Files\Java\jdk1.8.0_144\bin\java.exe
0x0000000077790000 - 0x0000000077939000 	C:\Windows\SYSTEM32\ntdll.dll
0x0000000077670000 - 0x000000007778f000 	C:\Windows\system32\kernel32.dll
0x000007fefda20000 - 0x000007fefda8b000 	C:\Windows\system32\KERNELBASE.dll
0x000007fefec10000 - 0x000007fefeceb000 	C:\Windows\system32\ADVAPI32.dll
0x000007fefe3c0000 - 0x000007fefe45f000 	C:\Windows\system32\msvcrt.dll
0x000007feffa80000 - 0x000007feffa9f000 	C:\Windows\SYSTEM32\sechost.dll
0x000007fefe290000 - 0x000007fefe3bd000 	C:\Windows\system32\RPCRT4.dll
0x0000000077570000 - 0x000000007766a000 	C:\Windows\system32\USER32.dll
0x000007fefdc40000 - 0x000007fefdca7000 	C:\Windows\system32\GDI32.dll
0x000007fefe070000 - 0x000007fefe07e000 	C:\Windows\system32\LPK.dll
0x000007fefdab0000 - 0x000007fefdb79000 	C:\Windows\system32\USP10.dll
0x000007fefc0c0000 - 0x000007fefc2b4000 	C:\Windows\WinSxS\amd64_microsoft.windows.common-controls_6595b64144ccf1df_6.0.7601.17514_none_fa396087175ac9ac\COMCTL32.dll
0x000007fefde60000 - 0x000007fefded1000 	C:\Windows\system32\SHLWAPI.dll
0x000007fefdcb0000 - 0x000007fefdcde000 	C:\Windows\system32\IMM32.DLL
0x000007fefe930000 - 0x000007fefea39000 	C:\Windows\system32\MSCTF.dll
0x000000006c6c0000 - 0x000000006c792000 	C:\Program Files\Java\jdk1.8.0_144\jre\bin\msvcr100.dll
0x00000000654a0000 - 0x0000000065d3d000 	C:\Program Files\Java\jdk1.8.0_144\jre\bin\server\jvm.dll
0x000007fef6b60000 - 0x000007fef6b69000 	C:\Windows\system32\WSOCK32.dll
0x000007fefe020000 - 0x000007fefe06d000 	C:\Windows\system32\WS2_32.dll
0x000007fefe460000 - 0x000007fefe468000 	C:\Windows\system32\NSI.dll
0x000007fefbd20000 - 0x000007fefbd5b000 	C:\Windows\system32\WINMM.dll
0x000007fefc880000 - 0x000007fefc88c000 	C:\Windows\system32\VERSION.dll
0x0000000077950000 - 0x0000000077957000 	C:\Windows\system32\PSAPI.DLL
0x0000000070d90000 - 0x0000000070d9f000 	C:\Program Files\Java\jdk1.8.0_144\jre\bin\verify.dll
0x000000006e8f0000 - 0x000000006e919000 	C:\Program Files\Java\jdk1.8.0_144\jre\bin\java.dll
0x000000006e8d0000 - 0x000000006e8e6000 	C:\Program Files\Java\jdk1.8.0_144\jre\bin\zip.dll
0x000007fefecf0000 - 0x000007feffa78000 	C:\Windows\system32\SHELL32.dll
0x000007fefe080000 - 0x000007fefe283000 	C:\Windows\system32\ole32.dll
0x000007fefd6e0000 - 0x000007fefd6ef000 	C:\Windows\system32\profapi.dll

VM Arguments:
jvm_args: -Djava.awt.headless=true -Xmx1024M -Dfile.encoding=windows-1252 -Duser.country=US -Duser.language=en -Duser.variant 
java_command: com.android.dx.command.Main --dex --num-threads=4 --output C:\Users\6420\Desktop\React Navigation FB\ReactNavi\android\app\build\intermediates\pre-dexed\debug\com.android.support-support-v4-23.0.1_0c2661d381c512356234959ae2289f277553a4bc.jar C:\Users\6420\Desktop\React Navigation FB\ReactNavi\android\app\build\intermediates\exploded-aar\com.android.support\support-v4\23.0.1\jars\classes.jar
java_class_path (initial): C:\Users\6420\AppData\Local\Android\sdk\build-tools\23.0.1\lib\dx.jar
Launcher Type: SUN_STANDARD

Environment Variables:
JAVA_HOME=C:\Program Files\Java\jdk1.8.0_144
CLASSPATH=C:\Users\6420\Desktop\React Navigation FB\ReactNavi\android\\gradle\wrapper\gradle-wrapper.jar
PATH=C:\Ruby24-x64\bin;C:\Python27\;C:\Python27\Scripts;C:\ProgramData\Oracle\Java\javapath;C:\Program Files\Common Files\Microsoft Shared\Windows Live;C:\Program Files (x86)\Common Files\Microsoft Shared\Windows Live;C:\Windows\system32;C:\Windows;C:\Windows\System32\Wbem;C:\Windows\System32\WindowsPowerShell\v1.0\;C:\Program Files\Intel\WiFi\bin\;C:\Program Files\Common Files\Intel\WirelessCommon\;C:\Program Files (x86)\Bitvise SSH Client;C:\Program Files\Microsoft\Web Platform Installer\;C:\Program Files (x86)\Microsoft ASP.NET\ASP.NET Web Pages\v1.0\;C:\Program Files\Microsoft SQL Server\110\Tools\Binn\;C:\Program Files (x86)\Windows Live\Shared;C:\xampp\php;C:\ProgramData\chocolatey\bin;C:\Program Files\nodejs\;C:\Program Files\Java\jdk1.8.0_131\bin;C:\Program Files (x86)\Yarn\bin;C:\Program Files\EmEditor;C:\ProgramData\ComposerSetup\bin;C:\Program Files\Git\cmd;C:\Program Files\Intel\WiFi\bin\;C:\Program Files\Common Files\Intel\WirelessCommon\;C:\Users\6420\AppData\Roaming\npm;C:\Program Files (x86)\Microsoft VS Code\bin;C:\Users\6420\AppData\Local\Yarn\bin;C:\Users\6420\AppData\Local\atom\bin;C:\Users\6420\AppData\Roaming\Composer\vendor\bin
USERNAME=6420
OS=Windows_NT
PROCESSOR_IDENTIFIER=Intel64 Family 6 Model 42 Stepping 7, GenuineIntel



---------------  S Y S T E M  ---------------

OS: Windows 7 , 64 bit Build 7601 (6.1.7601.17514)

CPU:total 4 (initial active 4) (2 cores per cpu, 2 threads per core) family 6 model 42 stepping 7, cmov, cx8, fxsr, mmx, sse, sse2, sse3, ssse3, sse4.1, sse4.2, popcnt, avx, aes, clmul, ht, tsc, tscinvbit

Memory: 4k page, physical 8344472k(160728k free), swap 11757604k(32044k free)

vm_info: Java HotSpot(TM) 64-Bit Server VM (25.144-b01) for windows-amd64 JRE (1.8.0_144-b01), built on Jul 21 2017 21:57:33 by "java_re" with MS VC++ 10.0 (VS2010)

time: Thu Sep 14 21:59:36 2017
elapsed time: 29 seconds (0d 0h 0m 29s)

