#
# There is insufficient memory for the Java Runtime Environment to continue.
# Native memory allocation (malloc) failed to allocate 32744 bytes for ChunkPool::allocate
# Possible reasons:
#   The system is out of physical RAM or swap space
#   In 32 bit mode, the process size limit was hit
# Possible solutions:
#   Reduce memory load on the system
#   Increase physical memory or swap space
#   Check if swap backing store is full
#   Use 64 bit Java on a 64 bit OS
#   Decrease Java heap size (-Xmx/-Xms)
#   Decrease number of Java threads
#   Decrease Java thread stack sizes (-Xss)
#   Set larger code cache with -XX:ReservedCodeCacheSize=
# This output file may be truncated or incomplete.
#
#  Out of Memory Error (allocation.cpp:273), pid=4368, tid=0x00000000000022d8
#
# JRE version: Java(TM) SE Runtime Environment (8.0_144-b01) (build 1.8.0_144-b01)
# Java VM: Java HotSpot(TM) 64-Bit Server VM (25.144-b01 mixed mode windows-amd64 compressed oops)
# Failed to write core dump. Minidumps are not enabled by default on client versions of Windows
#

---------------  T H R E A D  ---------------

Current thread (0x0000000055131800):  JavaThread "C2 CompilerThread0" daemon [_thread_in_native, id=8920, stack(0x0000000056720000,0x0000000056820000)]

Stack: [0x0000000056720000,0x0000000056820000]
[error occurred during error reporting (printing stack bounds), id 0xc0000005]

Native frames: (J=compiled Java code, j=interpreted, Vv=VM code, C=native code)


Current CompileTask:
C2:  42985 2039   !   4       com.android.dx.cf.code.BytecodeArray::parseInstruction (2764 bytes)


---------------  P R O C E S S  ---------------

Java Threads: ( => current thread )
  0x0000000056f5a000 JavaThread "pool-1-thread-4" [_thread_blocked, id=964, stack(0x00000000579d0000,0x0000000057ad0000)]
  0x0000000056f57800 JavaThread "pool-1-thread-3" [_thread_blocked, id=6028, stack(0x0000000057890000,0x0000000057990000)]
  0x0000000056f56800 JavaThread "pool-1-thread-2" [_thread_in_vm, id=9616, stack(0x0000000057660000,0x0000000057760000)]
  0x0000000056f56000 JavaThread "pool-2-thread-1" [_thread_blocked, id=4752, stack(0x0000000057500000,0x0000000057600000)]
  0x0000000056f55000 JavaThread "pool-1-thread-1" [_thread_in_vm, id=8512, stack(0x0000000057190000,0x0000000057290000)]
  0x0000000055139000 JavaThread "Service Thread" daemon [_thread_blocked, id=9968, stack(0x0000000057080000,0x0000000057180000)]
  0x0000000055136800 JavaThread "C1 CompilerThread2" daemon [_thread_in_vm, id=5100, stack(0x0000000056af0000,0x0000000056bf0000)]
  0x0000000055135800 JavaThread "C2 CompilerThread1" daemon [_thread_in_native, id=6984, stack(0x0000000056920000,0x0000000056a20000)]
=>0x0000000055131800 JavaThread "C2 CompilerThread0" daemon [_thread_in_native, id=8920, stack(0x0000000056720000,0x0000000056820000)]
  0x000000005512e000 JavaThread "Attach Listener" daemon [_thread_blocked, id=2940, stack(0x0000000056590000,0x0000000056690000)]
  0x000000005513e000 JavaThread "Signal Dispatcher" daemon [_thread_blocked, id=7908, stack(0x00000000563a0000,0x00000000564a0000)]
  0x000000005511a000 JavaThread "Finalizer" daemon [_thread_blocked, id=9512, stack(0x0000000056150000,0x0000000056250000)]
  0x00000000550d2800 JavaThread "Reference Handler" daemon [_thread_blocked, id=7468, stack(0x0000000056250000,0x0000000056350000)]
  0x000000000227e800 JavaThread "main" [_thread_in_native, id=5172, stack(0x0000000002400000,0x0000000002500000)]

Other Threads:
  0x00000000550cb000 VMThread [stack: 0x0000000056030000,0x0000000056130000] [id=3480]
  0x0000000056c6a800 WatcherThread [stack: 0x0000000057350000,0x0000000057450000] [id=6784]

VM state:not at safepoint (normal execution)

VM Mutex/Monitor currently owned by a thread: None

Heap:
 PSYoungGen      total 71680K, used 22369K [0x00000000eab00000, 0x00000000ef600000, 0x0000000100000000)
  eden space 66560K, 25% used [0x00000000eab00000,0x00000000ebbd9078,0x00000000eec00000)
  from space 5120K, 99% used [0x00000000eec00000,0x00000000ef0ff4b0,0x00000000ef100000)
  to   space 5120K, 0% used [0x00000000ef100000,0x00000000ef100000,0x00000000ef600000)
 ParOldGen       total 87552K, used 28468K [0x00000000c0000000, 0x00000000c5580000, 0x00000000eab00000)
  object space 87552K, 32% used [0x00000000c0000000,0x00000000c1bcd130,0x00000000c5580000)
 Metaspace       used 6422K, capacity 7256K, committed 7424K, reserved 1056768K
  class space    used 627K, capacity 656K, committed 768K, reserved 1048576K

Card table byte_map: [0x0000000011b90000,0x0000000011da0000] byte_map_base: 0x0000000011590000

Marking Bits: (ParMarkBitMap*) 0x0000000065cbd850
 Begin Bits: [0x0000000012540000, 0x0000000013540000)
 End Bits:   [0x0000000013540000, 0x0000000014540000)

Polling page: 0x0000000000230000

CodeCache: size=245760Kb used=10289Kb max_used=10289Kb free=235470Kb
 bounds [0x00000000027d0000, 0x00000000031f0000, 0x00000000117d0000]
 total_blobs=2296 nmethods=2032 adapters=176
 compilation: enabled

Compilation events (10 events):
Event: 37.085 Thread 0x0000000055136800 nmethod 2048 0x00000000031a8a90 code [0x00000000031a8c20, 0x00000000031a8fd8]
Event: 37.118 Thread 0x0000000055135800 nmethod 2044 0x00000000031d7b10 code [0x00000000031d7d00, 0x00000000031d93d8]
Event: 37.118 Thread 0x0000000055135800 2045       4       com.android.dx.cf.code.ByteCatchList::listFor (120 bytes)
Event: 37.142 Thread 0x0000000055135800 nmethod 2045 0x00000000031b7050 code [0x00000000031b71c0, 0x00000000031b7898]
Event: 37.142 Thread 0x0000000055135800 2046       4       com.android.dx.ssa.SsaMethod::onInsnRemoved (43 bytes)
Event: 37.179 Thread 0x0000000055135800 nmethod 2046 0x00000000031da7d0 code [0x00000000031da980, 0x00000000031db2f8]
Event: 37.794 Thread 0x0000000055135800 2049       4       com.android.dx.cf.direct.AttributeListParser::<init> (83 bytes)
Event: 38.790 Thread 0x0000000055135800 nmethod 2049 0x00000000031b6750 code [0x00000000031b68c0, 0x00000000031b6c78]
Event: 38.791 Thread 0x0000000055135800 2051   !   4       com.android.dx.cf.code.RopperMachine::run (1550 bytes)
Event: 39.896 Thread 0x0000000055136800 2053       3       com.android.dx.rop.code.Rops::opMoveException (22 bytes)

GC Heap History (10 events):
Event: 3.540 GC heap before
{Heap before GC invocations=1 (full 0):
 PSYoungGen      total 38400K, used 33280K [0x00000000eab00000, 0x00000000ed580000, 0x0000000100000000)
  eden space 33280K, 100% used [0x00000000eab00000,0x00000000ecb80000,0x00000000ecb80000)
  from space 5120K, 0% used [0x00000000ed080000,0x00000000ed080000,0x00000000ed580000)
  to   space 5120K, 0% used [0x00000000ecb80000,0x00000000ecb80000,0x00000000ed080000)
 ParOldGen       total 87552K, used 0K [0x00000000c0000000, 0x00000000c5580000, 0x00000000eab00000)
  object space 87552K, 0% used [0x00000000c0000000,0x00000000c0000000,0x00000000c5580000)
 Metaspace       used 5978K, capacity 6962K, committed 7040K, reserved 1056768K
  class space    used 604K, capacity 618K, committed 640K, reserved 1048576K
Event: 3.640 GC heap after
Heap after GC invocations=1 (full 0):
 PSYoungGen      total 38400K, used 5111K [0x00000000eab00000, 0x00000000ed580000, 0x0000000100000000)
  eden space 33280K, 0% used [0x00000000eab00000,0x00000000eab00000,0x00000000ecb80000)
  from space 5120K, 99% used [0x00000000ecb80000,0x00000000ed07dc78,0x00000000ed080000)
  to   space 5120K, 0% used [0x00000000ed080000,0x00000000ed080000,0x00000000ed580000)
 ParOldGen       total 87552K, used 2179K [0x00000000c0000000, 0x00000000c5580000, 0x00000000eab00000)
  object space 87552K, 2% used [0x00000000c0000000,0x00000000c0220dc0,0x00000000c5580000)
 Metaspace       used 5978K, capacity 6962K, committed 7040K, reserved 1056768K
  class space    used 604K, capacity 618K, committed 640K, reserved 1048576K
}
Event: 8.529 GC heap before
{Heap before GC invocations=2 (full 0):
 PSYoungGen      total 38400K, used 38391K [0x00000000eab00000, 0x00000000ed580000, 0x0000000100000000)
  eden space 33280K, 100% used [0x00000000eab00000,0x00000000ecb80000,0x00000000ecb80000)
  from space 5120K, 99% used [0x00000000ecb80000,0x00000000ed07dc78,0x00000000ed080000)
  to   space 5120K, 0% used [0x00000000ed080000,0x00000000ed080000,0x00000000ed580000)
 ParOldGen       total 87552K, used 2179K [0x00000000c0000000, 0x00000000c5580000, 0x00000000eab00000)
  object space 87552K, 2% used [0x00000000c0000000,0x00000000c0220dc0,0x00000000c5580000)
 Metaspace       used 6206K, capacity 7090K, committed 7296K, reserved 1056768K
  class space    used 605K, capacity 618K, committed 640K, reserved 1048576K
Event: 9.293 GC heap after
Heap after GC invocations=2 (full 0):
 PSYoungGen      total 38400K, used 5114K [0x00000000eab00000, 0x00000000ef600000, 0x0000000100000000)
  eden space 33280K, 0% used [0x00000000eab00000,0x00000000eab00000,0x00000000ecb80000)
  from space 5120K, 99% used [0x00000000ed080000,0x00000000ed57eaa8,0x00000000ed580000)
  to   space 5120K, 0% used [0x00000000ecb80000,0x00000000ecb80000,0x00000000ed080000)
 ParOldGen       total 87552K, used 7126K [0x00000000c0000000, 0x00000000c5580000, 0x00000000eab00000)
  object space 87552K, 8% used [0x00000000c0000000,0x00000000c06f5ba8,0x00000000c5580000)
 Metaspace       used 6206K, capacity 7090K, committed 7296K, reserved 1056768K
  class space    used 605K, capacity 618K, committed 640K, reserved 1048576K
}
Event: 22.956 GC heap before
{Heap before GC invocations=3 (full 0):
 PSYoungGen      total 38400K, used 38394K [0x00000000eab00000, 0x00000000ef600000, 0x0000000100000000)
  eden space 33280K, 100% used [0x00000000eab00000,0x00000000ecb80000,0x00000000ecb80000)
  from space 5120K, 99% used [0x00000000ed080000,0x00000000ed57eaa8,0x00000000ed580000)
  to   space 5120K, 0% used [0x00000000ecb80000,0x00000000ecb80000,0x00000000ed080000)
 ParOldGen       total 87552K, used 7126K [0x00000000c0000000, 0x00000000c5580000, 0x00000000eab00000)
  object space 87552K, 8% used [0x00000000c0000000,0x00000000c06f5ba8,0x00000000c5580000)
 Metaspace       used 6246K, capacity 7154K, committed 7296K, reserved 1056768K
  class space    used 605K, capacity 618K, committed 640K, reserved 1048576K
Event: 23.170 GC heap after
Heap after GC invocations=3 (full 0):
 PSYoungGen      total 38400K, used 5088K [0x00000000eab00000, 0x00000000ef600000, 0x0000000100000000)
  eden space 33280K, 0% used [0x00000000eab00000,0x00000000eab00000,0x00000000ecb80000)
  from space 5120K, 99% used [0x00000000ecb80000,0x00000000ed078118,0x00000000ed080000)
  to   space 5120K, 0% used [0x00000000ef100000,0x00000000ef100000,0x00000000ef600000)
 ParOldGen       total 87552K, used 12410K [0x00000000c0000000, 0x00000000c5580000, 0x00000000eab00000)
  object space 87552K, 14% used [0x00000000c0000000,0x00000000c0c1e8f8,0x00000000c5580000)
 Metaspace       used 6246K, capacity 7154K, committed 7296K, reserved 1056768K
  class space    used 605K, capacity 618K, committed 640K, reserved 1048576K
}
Event: 29.133 GC heap before
{Heap before GC invocations=4 (full 0):
 PSYoungGen      total 38400K, used 38368K [0x00000000eab00000, 0x00000000ef600000, 0x0000000100000000)
  eden space 33280K, 100% used [0x00000000eab00000,0x00000000ecb80000,0x00000000ecb80000)
  from space 5120K, 99% used [0x00000000ecb80000,0x00000000ed078118,0x00000000ed080000)
  to   space 5120K, 0% used [0x00000000ef100000,0x00000000ef100000,0x00000000ef600000)
 ParOldGen       total 87552K, used 12410K [0x00000000c0000000, 0x00000000c5580000, 0x00000000eab00000)
  object space 87552K, 14% used [0x00000000c0000000,0x00000000c0c1e8f8,0x00000000c5580000)
 Metaspace       used 6377K, capacity 7192K, committed 7424K, reserved 1056768K
  class space    used 626K, capacity 656K, committed 768K, reserved 1048576K
Event: 29.461 GC heap after
Heap after GC invocations=4 (full 0):
 PSYoungGen      total 71680K, used 5105K [0x00000000eab00000, 0x00000000ef600000, 0x0000000100000000)
  eden space 66560K, 0% used [0x00000000eab00000,0x00000000eab00000,0x00000000eec00000)
  from space 5120K, 99% used [0x00000000ef100000,0x00000000ef5fc628,0x00000000ef600000)
  to   space 5120K, 0% used [0x00000000eec00000,0x00000000eec00000,0x00000000ef100000)
 ParOldGen       total 87552K, used 17523K [0x00000000c0000000, 0x00000000c5580000, 0x00000000eab00000)
  object space 87552K, 20% used [0x00000000c0000000,0x00000000c111cf40,0x00000000c5580000)
 Metaspace       used 6377K, capacity 7192K, committed 7424K, reserved 1056768K
  class space    used 626K, capacity 656K, committed 768K, reserved 1048576K
}
Event: 38.796 GC heap before
{Heap before GC invocations=5 (full 0):
 PSYoungGen      total 71680K, used 71665K [0x00000000eab00000, 0x00000000ef600000, 0x0000000100000000)
  eden space 66560K, 100% used [0x00000000eab00000,0x00000000eec00000,0x00000000eec00000)
  from space 5120K, 99% used [0x00000000ef100000,0x00000000ef5fc628,0x00000000ef600000)
  to   space 5120K, 0% used [0x00000000eec00000,0x00000000eec00000,0x00000000ef100000)
 ParOldGen       total 87552K, used 17523K [0x00000000c0000000, 0x00000000c5580000, 0x00000000eab00000)
  object space 87552K, 20% used [0x00000000c0000000,0x00000000c111cf40,0x00000000c5580000)
 Metaspace       used 6418K, capacity 7256K, committed 7424K, reserved 1056768K
  class space    used 627K, capacity 656K, committed 768K, reserved 1048576K
Event: 39.892 GC heap after
Heap after GC invocations=5 (full 0):
 PSYoungGen      total 71680K, used 5117K [0x00000000eab00000, 0x00000000ef600000, 0x0000000100000000)
  eden space 66560K, 0% used [0x00000000eab00000,0x00000000eab00000,0x00000000eec00000)
  from space 5120K, 99% used [0x00000000eec00000,0x00000000ef0ff4b0,0x00000000ef100000)
  to   space 5120K, 0% used [0x00000000ef100000,0x00000000ef100000,0x00000000ef600000)
 ParOldGen       total 87552K, used 28468K [0x00000000c0000000, 0x00000000c5580000, 0x00000000eab00000)
  object space 87552K, 32% used [0x00000000c0000000,0x00000000c1bcd130,0x00000000c5580000)
 Metaspace       used 6418K, capacity 7256K, committed 7424K, reserved 1056768K
  class space    used 627K, capacity 656K, committed 768K, reserved 1048576K
}

Deoptimization events (10 events):
Event: 34.215 Thread 0x0000000056f57800 Uncommon trap: reason=bimorphic action=maybe_recompile pc=0x000000000317cc30 method=com.android.dx.cf.code.BytecodeArray.parseInstruction(ILcom/android/dx/cf/code/BytecodeArray$Visitor;)I @ 971
Event: 34.215 Thread 0x0000000056f57800 Uncommon trap: reason=bimorphic action=maybe_recompile pc=0x000000000317cc30 method=com.android.dx.cf.code.BytecodeArray.parseInstruction(ILcom/android/dx/cf/code/BytecodeArray$Visitor;)I @ 971
Event: 34.843 Thread 0x0000000056f56800 Uncommon trap: reason=unstable_if action=reinterpret pc=0x000000000305c208 method=com.android.dx.ssa.Dominators.run()V @ 346
Event: 34.881 Thread 0x0000000056f56800 Uncommon trap: reason=class_check action=maybe_recompile pc=0x0000000002b96f08 method=java.util.HashMap.putVal(ILjava/lang/Object;Ljava/lang/Object;ZZ)Ljava/lang/Object; @ 203
Event: 36.991 Thread 0x0000000056f55000 Uncommon trap: reason=bimorphic action=maybe_recompile pc=0x00000000031c2b8c method=com.android.dx.cf.code.BytecodeArray.parseInstruction(ILcom/android/dx/cf/code/BytecodeArray$Visitor;)I @ 2135
Event: 36.991 Thread 0x0000000056f55000 Uncommon trap: reason=bimorphic action=maybe_recompile pc=0x00000000031c416c method=com.android.dx.cf.code.BytecodeArray.parseInstruction(ILcom/android/dx/cf/code/BytecodeArray$Visitor;)I @ 1357
Event: 36.991 Thread 0x0000000056f55000 Uncommon trap: reason=bimorphic action=maybe_recompile pc=0x00000000031c2b8c method=com.android.dx.cf.code.BytecodeArray.parseInstruction(ILcom/android/dx/cf/code/BytecodeArray$Visitor;)I @ 2135
Event: 38.793 Thread 0x0000000056f55000 Uncommon trap: reason=class_check action=maybe_recompile pc=0x0000000003117508 method=com.android.dx.ssa.back.FirstFitLocalCombiningAllocator.findNextUnreservedRopReg(IILcom/android/dx/ssa/back/FirstFitLocalCombiningAllocator$Alignment;)I @ 60
Event: 38.794 Thread 0x0000000056f55000 Uncommon trap: reason=class_check action=maybe_recompile pc=0x0000000002f9387c method=com.android.dx.ssa.back.FirstFitLocalCombiningAllocator.findNextUnreservedRopReg(IILcom/android/dx/ssa/back/FirstFitLocalCombiningAllocator$Alignment;)I @ 60
Event: 38.794 Thread 0x0000000056f55000 Uncommon trap: reason=class_check action=maybe_recompile pc=0x0000000002f9387c method=com.android.dx.ssa.back.FirstFitLocalCombiningAllocator.findNextUnreservedRopReg(IILcom/android/dx/ssa/back/FirstFitLocalCombiningAllocator$Alignment;)I @ 60

Internal exceptions (6 events):
Event: 0.131 Thread 0x000000000227e800 Exception <a 'java/lang/NoSuchMethodError': Method sun.misc.Unsafe.defineClass(Ljava/lang/String;[BII)Ljava/lang/Class; name or signature does not match> (0x00000000eab07ca8) thrown at [C:\re\workspace\8-2-build-windows-amd64-cygwin\jdk8u144\9417\hotspot\
Event: 0.131 Thread 0x000000000227e800 Exception <a 'java/lang/NoSuchMethodError': Method sun.misc.Unsafe.prefetchRead(Ljava/lang/Object;J)V name or signature does not match> (0x00000000eab07f90) thrown at [C:\re\workspace\8-2-build-windows-amd64-cygwin\jdk8u144\9417\hotspot\src\share\vm\prims
Event: 11.825 Thread 0x0000000056f5a000 Implicit null exception at 0x0000000002ab90d2 to 0x0000000002ab91c2
Event: 25.755 Thread 0x0000000056f5a000 Exception <a 'java/lang/ArrayIndexOutOfBoundsException': 18> (0x00000000ebbb1210) thrown at [C:\re\workspace\8-2-build-windows-amd64-cygwin\jdk8u144\9417\hotspot\src\share\vm\interpreter\interpreterRuntime.cpp, line 366]
Event: 25.756 Thread 0x0000000056f5a000 Exception <a 'java/lang/ArrayIndexOutOfBoundsException': 145> (0x00000000ebbb2d90) thrown at [C:\re\workspace\8-2-build-windows-amd64-cygwin\jdk8u144\9417\hotspot\src\share\vm\interpreter\interpreterRuntime.cpp, line 366]
Event: 25.757 Thread 0x0000000056f5a000 Exception <a 'java/lang/ArrayIndexOutOfBoundsException'> (0x00000000ebbb4078) thrown at [C:\re\workspace\8-2-build-windows-amd64-cygwin\jdk8u144\9417\hotspot\src\share\vm\runtime\sharedRuntime.cpp, line 605]

Events (10 events):
Event: 38.793 Thread 0x0000000056f55000 DEOPT PACKING pc=0x0000000003117508 sp=0x000000005728ecb0
Event: 38.793 Thread 0x0000000056f55000 DEOPT UNPACKING pc=0x000000000281582a sp=0x000000005728eb60 mode 2
Event: 38.794 Thread 0x0000000056f55000 Uncommon trap: trap_request=0xffffffde fr.pc=0x0000000002f9387c
Event: 38.794 Thread 0x0000000056f55000 DEOPT PACKING pc=0x0000000002f9387c sp=0x000000005728eba0
Event: 38.794 Thread 0x0000000056f55000 DEOPT UNPACKING pc=0x000000000281582a sp=0x000000005728eb28 mode 2
Event: 38.794 Thread 0x0000000056f55000 Uncommon trap: trap_request=0xffffffde fr.pc=0x0000000002f9387c
Event: 38.794 Thread 0x0000000056f55000 DEOPT PACKING pc=0x0000000002f9387c sp=0x000000005728eba0
Event: 38.794 Thread 0x0000000056f55000 DEOPT UNPACKING pc=0x000000000281582a sp=0x000000005728eb28 mode 2
Event: 38.794 Executing VM operation: ParallelGCFailedAllocation
Event: 39.892 Executing VM operation: ParallelGCFailedAllocation done


Dynamic libraries:
0x000000013f8d0000 - 0x000000013f907000 	C:\Program Files\Java\jdk1.8.0_144\bin\java.exe
0x0000000077790000 - 0x0000000077939000 	C:\Windows\SYSTEM32\ntdll.dll
0x0000000077670000 - 0x000000007778f000 	C:\Windows\system32\kernel32.dll
0x000007fefda20000 - 0x000007fefda8b000 	C:\Windows\system32\KERNELBASE.dll
0x000007fefec10000 - 0x000007fefeceb000 	C:\Windows\system32\ADVAPI32.dll
0x000007fefe3c0000 - 0x000007fefe45f000 	C:\Windows\system32\msvcrt.dll
0x000007feffa80000 - 0x000007feffa9f000 	C:\Windows\SYSTEM32\sechost.dll
0x000007fefe290000 - 0x000007fefe3bd000 	C:\Windows\system32\RPCRT4.dll
0x0000000077570000 - 0x000000007766a000 	C:\Windows\system32\USER32.dll
0x000007fefdc40000 - 0x000007fefdca7000 	C:\Windows\system32\GDI32.dll
0x000007fefe070000 - 0x000007fefe07e000 	C:\Windows\system32\LPK.dll
0x000007fefdab0000 - 0x000007fefdb79000 	C:\Windows\system32\USP10.dll
0x000007fefc0c0000 - 0x000007fefc2b4000 	C:\Windows\WinSxS\amd64_microsoft.windows.common-controls_6595b64144ccf1df_6.0.7601.17514_none_fa396087175ac9ac\COMCTL32.dll
0x000007fefde60000 - 0x000007fefded1000 	C:\Windows\system32\SHLWAPI.dll
0x000007fefdcb0000 - 0x000007fefdcde000 	C:\Windows\system32\IMM32.DLL
0x000007fefe930000 - 0x000007fefea39000 	C:\Windows\system32\MSCTF.dll
0x000000006c6c0000 - 0x000000006c792000 	C:\Program Files\Java\jdk1.8.0_144\jre\bin\msvcr100.dll
0x00000000654a0000 - 0x0000000065d3d000 	C:\Program Files\Java\jdk1.8.0_144\jre\bin\server\jvm.dll
0x000007fef6b60000 - 0x000007fef6b69000 	C:\Windows\system32\WSOCK32.dll
0x000007fefe020000 - 0x000007fefe06d000 	C:\Windows\system32\WS2_32.dll
0x000007fefe460000 - 0x000007fefe468000 	C:\Windows\system32\NSI.dll
0x000007fefbd20000 - 0x000007fefbd5b000 	C:\Windows\system32\WINMM.dll
0x000007fefc880000 - 0x000007fefc88c000 	C:\Windows\system32\VERSION.dll
0x0000000077950000 - 0x0000000077957000 	C:\Windows\system32\PSAPI.DLL
0x0000000070d90000 - 0x0000000070d9f000 	C:\Program Files\Java\jdk1.8.0_144\jre\bin\verify.dll
0x000000006e8f0000 - 0x000000006e919000 	C:\Program Files\Java\jdk1.8.0_144\jre\bin\java.dll
0x000000006e8d0000 - 0x000000006e8e6000 	C:\Program Files\Java\jdk1.8.0_144\jre\bin\zip.dll
0x000007fefecf0000 - 0x000007feffa78000 	C:\Windows\system32\SHELL32.dll
0x000007fefe080000 - 0x000007fefe283000 	C:\Windows\system32\ole32.dll
0x000007fefd6e0000 - 0x000007fefd6ef000 	C:\Windows\system32\profapi.dll

VM Arguments:
jvm_args: -Djava.awt.headless=true -Xmx1024M -Dfile.encoding=windows-1252 -Duser.country=US -Duser.language=en -Duser.variant 
java_command: com.android.dx.command.Main --dex --num-threads=4 --output C:\Users\6420\Desktop\React Navigation FB\ReactNavi\android\app\build\intermediates\pre-dexed\debug\com.facebook.react-react-native-0.48.3_028fc6af5d067d7e889681b6a9e75c78cf52a7ad.jar C:\Users\6420\Desktop\React Navigation FB\ReactNavi\android\app\build\intermediates\exploded-aar\com.facebook.react\react-native\0.48.3\jars\classes.jar
java_class_path (initial): C:\Users\6420\AppData\Local\Android\sdk\build-tools\23.0.1\lib\dx.jar
Launcher Type: SUN_STANDARD

Environment Variables:
JAVA_HOME=C:\Program Files\Java\jdk1.8.0_144
CLASSPATH=C:\Users\6420\Desktop\React Navigation FB\ReactNavi\android\\gradle\wrapper\gradle-wrapper.jar
PATH=C:\Ruby24-x64\bin;C:\Python27\;C:\Python27\Scripts;C:\ProgramData\Oracle\Java\javapath;C:\Program Files\Common Files\Microsoft Shared\Windows Live;C:\Program Files (x86)\Common Files\Microsoft Shared\Windows Live;C:\Windows\system32;C:\Windows;C:\Windows\System32\Wbem;C:\Windows\System32\WindowsPowerShell\v1.0\;C:\Program Files\Intel\WiFi\bin\;C:\Program Files\Common Files\Intel\WirelessCommon\;C:\Program Files (x86)\Bitvise SSH Client;C:\Program Files\Microsoft\Web Platform Installer\;C:\Program Files (x86)\Microsoft ASP.NET\ASP.NET Web Pages\v1.0\;C:\Program Files\Microsoft SQL Server\110\Tools\Binn\;C:\Program Files (x86)\Windows Live\Shared;C:\xampp\php;C:\ProgramData\chocolatey\bin;C:\Program Files\nodejs\;C:\Program Files\Java\jdk1.8.0_131\bin;C:\Program Files (x86)\Yarn\bin;C:\Program Files\EmEditor;C:\ProgramData\ComposerSetup\bin;C:\Program Files\Git\cmd;C:\Program Files\Intel\WiFi\bin\;C:\Program Files\Common Files\Intel\WirelessCommon\;C:\Users\6420\AppData\Roaming\npm;C:\Program Files (x86)\Microsoft VS Code\bin;C:\Users\6420\AppData\Local\Yarn\bin;C:\Users\6420\AppData\Local\atom\bin;C:\Users\6420\AppData\Roaming\Composer\vendor\bin
USERNAME=6420
OS=Windows_NT
PROCESSOR_IDENTIFIER=Intel64 Family 6 Model 42 Stepping 7, GenuineIntel



---------------  S Y S T E M  ---------------

OS: Windows 7 , 64 bit Build 7601 (6.1.7601.17514)

CPU:total 4 (initial active 4) (2 cores per cpu, 2 threads per core) family 6 model 42 stepping 7, cmov, cx8, fxsr, mmx, sse, sse2, sse3, ssse3, sse4.1, sse4.2, popcnt, avx, aes, clmul, ht, tsc, tscinvbit

Memory: 4k page, physical 8344472k(161124k free), swap 11757604k(31636k free)

vm_info: Java HotSpot(TM) 64-Bit Server VM (25.144-b01) for windows-amd64 JRE (1.8.0_144-b01), built on Jul 21 2017 21:57:33 by "java_re" with MS VC++ 10.0 (VS2010)

time: Thu Sep 14 21:59:36 2017
elapsed time: 43 seconds (0d 0h 0m 43s)

