#
# There is insufficient memory for the Java Runtime Environment to continue.
# Native memory allocation (malloc) failed to allocate 32744 bytes for ChunkPool::allocate
# Possible reasons:
#   The system is out of physical RAM or swap space
#   In 32 bit mode, the process size limit was hit
# Possible solutions:
#   Reduce memory load on the system
#   Increase physical memory or swap space
#   Check if swap backing store is full
#   Use 64 bit Java on a 64 bit OS
#   Decrease Java heap size (-Xmx/-Xms)
#   Decrease number of Java threads
#   Decrease Java thread stack sizes (-Xss)
#   Set larger code cache with -XX:ReservedCodeCacheSize=
# This output file may be truncated or incomplete.
#
#  Out of Memory Error (allocation.cpp:273), pid=7308, tid=0x0000000000001c98
#
# JRE version: Java(TM) SE Runtime Environment (8.0_144-b01) (build 1.8.0_144-b01)
# Java VM: Java HotSpot(TM) 64-Bit Server VM (25.144-b01 mixed mode windows-amd64 compressed oops)
# Failed to write core dump. Minidumps are not enabled by default on client versions of Windows
#

---------------  T H R E A D  ---------------

Current thread (0x00000000552b5000):  JavaThread "C2 CompilerThread1" daemon [_thread_in_native, id=7320, stack(0x0000000056a70000,0x0000000056b70000)]

Stack: [0x0000000056a70000,0x0000000056b70000]
[error occurred during error reporting (printing stack bounds), id 0xc0000005]

Native frames: (J=compiled Java code, j=interpreted, Vv=VM code, C=native code)


Current CompileTask:
C2:   7673  750       4       com.android.dx.ssa.SsaMethod::getDefinitionForRegister (61 bytes)


---------------  P R O C E S S  ---------------

Java Threads: ( => current thread )
  0x0000000056e42800 JavaThread "pool-1-thread-4" [_thread_blocked, id=2408, stack(0x0000000057190000,0x0000000057290000)]
  0x0000000056e3f800 JavaThread "pool-1-thread-3" [_thread_blocked, id=8684, stack(0x0000000057a90000,0x0000000057b90000)]
  0x0000000056e3a800 JavaThread "pool-1-thread-2" [_thread_blocked, id=2092, stack(0x0000000057920000,0x0000000057a20000)]
  0x0000000056e37800 JavaThread "pool-2-thread-1" [_thread_blocked, id=9280, stack(0x0000000057800000,0x0000000057900000)]
  0x0000000056e36800 JavaThread "pool-1-thread-1" [_thread_blocked, id=1824, stack(0x0000000057630000,0x0000000057730000)]
  0x0000000056bcc800 JavaThread "Service Thread" daemon [_thread_blocked, id=8968, stack(0x0000000057290000,0x0000000057390000)]
  0x0000000056bc9800 JavaThread "C1 CompilerThread2" daemon [_thread_blocked, id=7676, stack(0x0000000057080000,0x0000000057180000)]
=>0x00000000552b5000 JavaThread "C2 CompilerThread1" daemon [_thread_in_native, id=7320, stack(0x0000000056a70000,0x0000000056b70000)]
  0x00000000552b1000 JavaThread "C2 CompilerThread0" daemon [_thread_blocked, id=4356, stack(0x0000000056940000,0x0000000056a40000)]
  0x00000000552af800 JavaThread "Attach Listener" daemon [_thread_blocked, id=7232, stack(0x0000000056790000,0x0000000056890000)]
  0x00000000552bd800 JavaThread "Signal Dispatcher" daemon [_thread_blocked, id=8788, stack(0x0000000056420000,0x0000000056520000)]
  0x0000000055294000 JavaThread "Finalizer" daemon [_thread_blocked, id=10076, stack(0x0000000056530000,0x0000000056630000)]
  0x0000000055252800 JavaThread "Reference Handler" daemon [_thread_blocked, id=3632, stack(0x0000000056310000,0x0000000056410000)]
  0x000000000228e800 JavaThread "main" [_thread_in_native, id=3676, stack(0x0000000002600000,0x0000000002700000)]

Other Threads:
  0x000000005524b000 VMThread [stack: 0x00000000561d0000,0x00000000562d0000] [id=7740]
  0x0000000056bdc800 WatcherThread [stack: 0x0000000057450000,0x0000000057550000] [id=6740]

VM state:not at safepoint (normal execution)

VM Mutex/Monitor currently owned by a thread: None

Heap:
 PSYoungGen      total 38400K, used 33280K [0x00000000eab00000, 0x00000000ed580000, 0x0000000100000000)
  eden space 33280K, 100% used [0x00000000eab00000,0x00000000ecb80000,0x00000000ecb80000)
  from space 5120K, 0% used [0x00000000ed080000,0x00000000ed080000,0x00000000ed580000)
  to   space 5120K, 82% used [0x00000000ecb80000,0x00000000ecf9aab8,0x00000000ed080000)
 ParOldGen       total 87552K, used 8K [0x00000000c0000000, 0x00000000c5580000, 0x00000000eab00000)
  object space 87552K, 0% used [0x00000000c0000000,0x00000000c0002000,0x00000000c5580000)
 Metaspace       used 5969K, capacity 6872K, committed 7168K, reserved 1058816K
  class space    used 614K, capacity 656K, committed 768K, reserved 1048576K

Card table byte_map: [0x0000000011d90000,0x0000000011fa0000] byte_map_base: 0x0000000011790000

Marking Bits: (ParMarkBitMap*) 0x0000000065cbd850
 Begin Bits: [0x00000000126c0000, 0x00000000136c0000)
 End Bits:   [0x00000000136c0000, 0x00000000146c0000)

Polling page: 0x0000000000230000

CodeCache: size=245760Kb used=4004Kb max_used=4016Kb free=241755Kb
 bounds [0x00000000029d0000, 0x0000000002dd0000, 0x00000000119d0000]
 total_blobs=1340 nmethods=1071 adapters=182
 compilation: enabled

Compilation events (10 events):
Event: 4.095 Thread 0x0000000056bc9800  737       3       com.android.dx.cf.code.RopperMachine::getSources (264 bytes)
Event: 4.097 Thread 0x00000000552b5000  744       4       com.android.dx.rop.code.RegisterSpec::equals (51 bytes)
Event: 4.101 Thread 0x0000000056bc9800 nmethod 737 0x0000000002ca0550 code [0x0000000002ca0b60, 0x0000000002ca5398]
Event: 4.101 Thread 0x0000000056bc9800  741       3       com.android.dx.cf.code.BaseMachine::storeResults (90 bytes)
Event: 4.102 Thread 0x0000000056bc9800 nmethod 741 0x0000000002c9a8d0 code [0x0000000002c9aac0, 0x0000000002c9b548]
Event: 4.102 Thread 0x0000000056bc9800  736   !   3       com.android.dx.cf.code.RopperMachine::run (1550 bytes)
Event: 4.105 Thread 0x00000000552b5000 nmethod 744 0x0000000002caa590 code [0x0000000002caa700, 0x0000000002caabb8]
Event: 4.111 Thread 0x00000000552b5000  748       4       java.util.BitSet::clear (70 bytes)
Event: 4.114 Thread 0x00000000552b5000 nmethod 748 0x0000000002c971d0 code [0x0000000002c97320, 0x0000000002c97438]
Event: 4.117 Thread 0x00000000552b5000  750       4       com.android.dx.ssa.SsaMethod::getDefinitionForRegister (61 bytes)

GC Heap History (0 events):
No events

Deoptimization events (2 events):
Event: 2.318 Thread 0x000000000228e800 Uncommon trap: reason=unstable_if action=reinterpret pc=0x0000000002bc66ec method=java.util.HashMap.getNode(ILjava/lang/Object;)Ljava/util/HashMap$Node; @ 129
Event: 3.831 Thread 0x0000000056e36800 Uncommon trap: reason=unstable_if action=reinterpret pc=0x0000000002c1dae4 method=java.util.BitSet.ensureCapacity(I)V @ 6

Internal exceptions (2 events):
Event: 0.179 Thread 0x000000000228e800 Exception <a 'java/lang/NoSuchMethodError': Method sun.misc.Unsafe.defineClass(Ljava/lang/String;[BII)Ljava/lang/Class; name or signature does not match> (0x00000000eab07ca8) thrown at [C:\re\workspace\8-2-build-windows-amd64-cygwin\jdk8u144\9417\hotspot\
Event: 0.179 Thread 0x000000000228e800 Exception <a 'java/lang/NoSuchMethodError': Method sun.misc.Unsafe.prefetchRead(Ljava/lang/Object;J)V name or signature does not match> (0x00000000eab07f90) thrown at [C:\re\workspace\8-2-build-windows-amd64-cygwin\jdk8u144\9417\hotspot\src\share\vm\prims

Events (10 events):
Event: 2.318 Thread 0x000000000228e800 Uncommon trap: trap_request=0xffffff65 fr.pc=0x0000000002bc66ec
Event: 2.318 Thread 0x000000000228e800 DEOPT PACKING pc=0x0000000002bc66ec sp=0x00000000026fe630
Event: 2.318 Thread 0x000000000228e800 DEOPT UNPACKING pc=0x0000000002a1582a sp=0x00000000026fe5a8 mode 2
Event: 2.636 loading class com/android/dx/dex/file/FieldAnnotationStruct
Event: 2.636 loading class com/android/dx/dex/file/FieldAnnotationStruct done
Event: 3.795 loading class java/util/ArrayList$1
Event: 3.795 loading class java/util/ArrayList$1 done
Event: 3.831 Thread 0x0000000056e36800 Uncommon trap: trap_request=0xffffff65 fr.pc=0x0000000002c1dae4
Event: 3.831 Thread 0x0000000056e36800 DEOPT PACKING pc=0x0000000002c1dae4 sp=0x000000005772ede0
Event: 3.831 Thread 0x0000000056e36800 DEOPT UNPACKING pc=0x0000000002a1582a sp=0x000000005772ecc8 mode 2


Dynamic libraries:
0x000000013f8d0000 - 0x000000013f907000 	C:\Program Files\Java\jdk1.8.0_144\bin\java.exe
0x0000000077790000 - 0x0000000077939000 	C:\Windows\SYSTEM32\ntdll.dll
0x0000000077670000 - 0x000000007778f000 	C:\Windows\system32\kernel32.dll
0x000007fefda20000 - 0x000007fefda8b000 	C:\Windows\system32\KERNELBASE.dll
0x000007fefec10000 - 0x000007fefeceb000 	C:\Windows\system32\ADVAPI32.dll
0x000007fefe3c0000 - 0x000007fefe45f000 	C:\Windows\system32\msvcrt.dll
0x000007feffa80000 - 0x000007feffa9f000 	C:\Windows\SYSTEM32\sechost.dll
0x000007fefe290000 - 0x000007fefe3bd000 	C:\Windows\system32\RPCRT4.dll
0x0000000077570000 - 0x000000007766a000 	C:\Windows\system32\USER32.dll
0x000007fefdc40000 - 0x000007fefdca7000 	C:\Windows\system32\GDI32.dll
0x000007fefe070000 - 0x000007fefe07e000 	C:\Windows\system32\LPK.dll
0x000007fefdab0000 - 0x000007fefdb79000 	C:\Windows\system32\USP10.dll
0x000007fefc0c0000 - 0x000007fefc2b4000 	C:\Windows\WinSxS\amd64_microsoft.windows.common-controls_6595b64144ccf1df_6.0.7601.17514_none_fa396087175ac9ac\COMCTL32.dll
0x000007fefde60000 - 0x000007fefded1000 	C:\Windows\system32\SHLWAPI.dll
0x000007fefdcb0000 - 0x000007fefdcde000 	C:\Windows\system32\IMM32.DLL
0x000007fefe930000 - 0x000007fefea39000 	C:\Windows\system32\MSCTF.dll
0x000000006c6c0000 - 0x000000006c792000 	C:\Program Files\Java\jdk1.8.0_144\jre\bin\msvcr100.dll
0x00000000654a0000 - 0x0000000065d3d000 	C:\Program Files\Java\jdk1.8.0_144\jre\bin\server\jvm.dll
0x000007fef6b60000 - 0x000007fef6b69000 	C:\Windows\system32\WSOCK32.dll
0x000007fefe020000 - 0x000007fefe06d000 	C:\Windows\system32\WS2_32.dll
0x000007fefe460000 - 0x000007fefe468000 	C:\Windows\system32\NSI.dll
0x000007fefbd20000 - 0x000007fefbd5b000 	C:\Windows\system32\WINMM.dll
0x000007fefc880000 - 0x000007fefc88c000 	C:\Windows\system32\VERSION.dll
0x0000000077950000 - 0x0000000077957000 	C:\Windows\system32\PSAPI.DLL
0x0000000070d90000 - 0x0000000070d9f000 	C:\Program Files\Java\jdk1.8.0_144\jre\bin\verify.dll
0x000000006e8f0000 - 0x000000006e919000 	C:\Program Files\Java\jdk1.8.0_144\jre\bin\java.dll
0x000000006e8d0000 - 0x000000006e8e6000 	C:\Program Files\Java\jdk1.8.0_144\jre\bin\zip.dll
0x000007fefecf0000 - 0x000007feffa78000 	C:\Windows\system32\SHELL32.dll
0x000007fefe080000 - 0x000007fefe283000 	C:\Windows\system32\ole32.dll
0x000007fefd6e0000 - 0x000007fefd6ef000 	C:\Windows\system32\profapi.dll

VM Arguments:
jvm_args: -Djava.awt.headless=true -Xmx1024M -Dfile.encoding=windows-1252 -Duser.country=US -Duser.language=en -Duser.variant 
java_command: com.android.dx.command.Main --dex --num-threads=4 --output C:\Users\6420\Desktop\React Navigation FB\ReactNavi\android\app\build\intermediates\pre-dexed\debug\com.facebook.soloader-soloader-0.1.0_8d0e84071c61f20986f0b31b08cfd94bb4756a7e.jar C:\Users\6420\Desktop\React Navigation FB\ReactNavi\android\app\build\intermediates\exploded-aar\com.facebook.soloader\soloader\0.1.0\jars\classes.jar
java_class_path (initial): C:\Users\6420\AppData\Local\Android\sdk\build-tools\23.0.1\lib\dx.jar
Launcher Type: SUN_STANDARD

Environment Variables:
JAVA_HOME=C:\Program Files\Java\jdk1.8.0_144
CLASSPATH=C:\Users\6420\Desktop\React Navigation FB\ReactNavi\android\\gradle\wrapper\gradle-wrapper.jar
PATH=C:\Ruby24-x64\bin;C:\Python27\;C:\Python27\Scripts;C:\ProgramData\Oracle\Java\javapath;C:\Program Files\Common Files\Microsoft Shared\Windows Live;C:\Program Files (x86)\Common Files\Microsoft Shared\Windows Live;C:\Windows\system32;C:\Windows;C:\Windows\System32\Wbem;C:\Windows\System32\WindowsPowerShell\v1.0\;C:\Program Files\Intel\WiFi\bin\;C:\Program Files\Common Files\Intel\WirelessCommon\;C:\Program Files (x86)\Bitvise SSH Client;C:\Program Files\Microsoft\Web Platform Installer\;C:\Program Files (x86)\Microsoft ASP.NET\ASP.NET Web Pages\v1.0\;C:\Program Files\Microsoft SQL Server\110\Tools\Binn\;C:\Program Files (x86)\Windows Live\Shared;C:\xampp\php;C:\ProgramData\chocolatey\bin;C:\Program Files\nodejs\;C:\Program Files\Java\jdk1.8.0_131\bin;C:\Program Files (x86)\Yarn\bin;C:\Program Files\EmEditor;C:\ProgramData\ComposerSetup\bin;C:\Program Files\Git\cmd;C:\Program Files\Intel\WiFi\bin\;C:\Program Files\Common Files\Intel\WirelessCommon\;C:\Users\6420\AppData\Roaming\npm;C:\Program Files (x86)\Microsoft VS Code\bin;C:\Users\6420\AppData\Local\Yarn\bin;C:\Users\6420\AppData\Local\atom\bin;C:\Users\6420\AppData\Roaming\Composer\vendor\bin
USERNAME=6420
OS=Windows_NT
PROCESSOR_IDENTIFIER=Intel64 Family 6 Model 42 Stepping 7, GenuineIntel



---------------  S Y S T E M  ---------------

OS: Windows 7 , 64 bit Build 7601 (6.1.7601.17514)

CPU:total 4 (initial active 4) (2 cores per cpu, 2 threads per core) family 6 model 42 stepping 7, cmov, cx8, fxsr, mmx, sse, sse2, sse3, ssse3, sse4.1, sse4.2, popcnt, avx, aes, clmul, ht, tsc, tscinvbit

Memory: 4k page, physical 8344472k(160700k free), swap 11757604k(31620k free)

vm_info: Java HotSpot(TM) 64-Bit Server VM (25.144-b01) for windows-amd64 JRE (1.8.0_144-b01), built on Jul 21 2017 21:57:33 by "java_re" with MS VC++ 10.0 (VS2010)

time: Thu Sep 14 21:59:36 2017
elapsed time: 7 seconds (0d 0h 0m 7s)

